<?xml version="1.0" encoding="UTF-8"?>
<testsuite xmlns:xsi="http://www.w3.org/2001/XMLSchema-instance" xsi:noNamespaceSchemaLocation="https://maven.apache.org/surefire/maven-surefire-plugin/xsd/surefire-test-report-3.0.xsd" version="3.0" name="com.climbup.productivity_app.TaskControllerTest" time="7.004" tests="2" errors="0" skipped="0" failures="2">
  <properties>
[...]
</properties>
  <testcase name="createTask_ShouldReturn201" classname="com.climbup.productivity_app.TaskControllerTest" time="0.081">
    <failure message="Status expected:&lt;201&gt; but was:&lt;403&gt;" type="java.lang.AssertionError"><![CDATA[java.lang.AssertionError: Status expected:<201> but was:<403>
	at org.springframework.test.util.AssertionErrors.fail(AssertionErrors.java:59)
	at org.springframework.test.util.AssertionErrors.assertEquals(AssertionErrors.java:122)
	at org.springframework.test.web.servlet.result.StatusResultMatchers.lambda$matcher$9(StatusResultMatchers.java:637)
	at org.springframework.test.web.servlet.MockMvc$1.andExpect(MockMvc.java:214)
	at com.climbup.productivity_app.TaskControllerTest.createTask_ShouldReturn201(TaskControllerTest.java:66)
	at java.base/jdk.internal.reflect.NativeMethodAccessorImpl.invoke0(Native Method)
	at java.base/jdk.internal.reflect.NativeMethodAccessorImpl.invoke(NativeMethodAccessorImpl.java:77)
	at java.base/jdk.internal.reflect.DelegatingMethodAccessorImpl.invoke(DelegatingMethodAccessorImpl.java:43)
	at java.base/java.lang.reflect.Method.invoke(Method.java:568)
	at org.junit.platform.commons.util.ReflectionUtils.invokeMethod(ReflectionUtils.java:727)
	at org.junit.jupiter.engine.execution.MethodInvocation.proceed(MethodInvocation.java:60)
	at org.junit.jupiter.engine.execution.InvocationInterceptorChain$ValidatingInvocation.proceed(InvocationInterceptorChain.java:131)
	at org.junit.jupiter.engine.extension.TimeoutExtension.intercept(TimeoutExtension.java:156)
	at org.junit.jupiter.engine.extension.TimeoutExtension.interceptTestableMethod(TimeoutExtension.java:147)
	at org.junit.jupiter.engine.extension.TimeoutExtension.interceptTestMethod(TimeoutExtension.java:86)
	at org.junit.jupiter.engine.execution.InterceptingExecutableInvoker$ReflectiveInterceptorCall.lambda$ofVoidMethod$0(InterceptingExecutableInvoker.java:103)
	at org.junit.jupiter.engine.execution.InterceptingExecutableInvoker.lambda$invoke$0(InterceptingExecutableInvoker.java:93)
	at org.junit.jupiter.engine.execution.InvocationInterceptorChain$InterceptedInvocation.proceed(InvocationInterceptorChain.java:106)
	at org.junit.jupiter.engine.execution.InvocationInterceptorChain.proceed(InvocationInterceptorChain.java:64)
	at org.junit.jupiter.engine.execution.InvocationInterceptorChain.chainAndInvoke(InvocationInterceptorChain.java:45)
	at org.junit.jupiter.engine.execution.InvocationInterceptorChain.invoke(InvocationInterceptorChain.java:37)
	at org.junit.jupiter.engine.execution.InterceptingExecutableInvoker.invoke(InterceptingExecutableInvoker.java:92)
	at org.junit.jupiter.engine.execution.InterceptingExecutableInvoker.invoke(InterceptingExecutableInvoker.java:86)
	at org.junit.jupiter.engine.descriptor.TestMethodTestDescriptor.lambda$invokeTestMethod$7(TestMethodTestDescriptor.java:217)
	at org.junit.platform.engine.support.hierarchical.ThrowableCollector.execute(ThrowableCollector.java:73)
	at org.junit.jupiter.engine.descriptor.TestMethodTestDescriptor.invokeTestMethod(TestMethodTestDescriptor.java:213)
	at org.junit.jupiter.engine.descriptor.TestMethodTestDescriptor.execute(TestMethodTestDescriptor.java:138)
	at org.junit.jupiter.engine.descriptor.TestMethodTestDescriptor.execute(TestMethodTestDescriptor.java:68)
	at org.junit.platform.engine.support.hierarchical.NodeTestTask.lambda$executeRecursively$6(NodeTestTask.java:151)
	at org.junit.platform.engine.support.hierarchical.ThrowableCollector.execute(ThrowableCollector.java:73)
	at org.junit.platform.engine.support.hierarchical.NodeTestTask.lambda$executeRecursively$8(NodeTestTask.java:141)
	at org.junit.platform.engine.support.hierarchical.Node.around(Node.java:137)
	at org.junit.platform.engine.support.hierarchical.NodeTestTask.lambda$executeRecursively$9(NodeTestTask.java:139)
	at org.junit.platform.engine.support.hierarchical.ThrowableCollector.execute(ThrowableCollector.java:73)
	at org.junit.platform.engine.support.hierarchical.NodeTestTask.executeRecursively(NodeTestTask.java:138)
	at org.junit.platform.engine.support.hierarchical.NodeTestTask.execute(NodeTestTask.java:95)
	at java.base/java.util.ArrayList.forEach(ArrayList.java:1511)
	at org.junit.platform.engine.support.hierarchical.SameThreadHierarchicalTestExecutorService.invokeAll(SameThreadHierarchicalTestExecutorService.java:41)
	at org.junit.platform.engine.support.hierarchical.NodeTestTask.lambda$executeRecursively$6(NodeTestTask.java:155)
	at org.junit.platform.engine.support.hierarchical.ThrowableCollector.execute(ThrowableCollector.java:73)
	at org.junit.platform.engine.support.hierarchical.NodeTestTask.lambda$executeRecursively$8(NodeTestTask.java:141)
	at org.junit.platform.engine.support.hierarchical.Node.around(Node.java:137)
	at org.junit.platform.engine.support.hierarchical.NodeTestTask.lambda$executeRecursively$9(NodeTestTask.java:139)
	at org.junit.platform.engine.support.hierarchical.ThrowableCollector.execute(ThrowableCollector.java:73)
	at org.junit.platform.engine.support.hierarchical.NodeTestTask.executeRecursively(NodeTestTask.java:138)
	at org.junit.platform.engine.support.hierarchical.NodeTestTask.execute(NodeTestTask.java:95)
	at java.base/java.util.ArrayList.forEach(ArrayList.java:1511)
	at org.junit.platform.engine.support.hierarchical.SameThreadHierarchicalTestExecutorService.invokeAll(SameThreadHierarchicalTestExecutorService.java:41)
	at org.junit.platform.engine.support.hierarchical.NodeTestTask.lambda$executeRecursively$6(NodeTestTask.java:155)
	at org.junit.platform.engine.support.hierarchical.ThrowableCollector.execute(ThrowableCollector.java:73)
	at org.junit.platform.engine.support.hierarchical.NodeTestTask.lambda$executeRecursively$8(NodeTestTask.java:141)
	at org.junit.platform.engine.support.hierarchical.Node.around(Node.java:137)
	at org.junit.platform.engine.support.hierarchical.NodeTestTask.lambda$executeRecursively$9(NodeTestTask.java:139)
	at org.junit.platform.engine.support.hierarchical.ThrowableCollector.execute(ThrowableCollector.java:73)
	at org.junit.platform.engine.support.hierarchical.NodeTestTask.executeRecursively(NodeTestTask.java:138)
	at org.junit.platform.engine.support.hierarchical.NodeTestTask.execute(NodeTestTask.java:95)
	at org.junit.platform.engine.support.hierarchical.SameThreadHierarchicalTestExecutorService.submit(SameThreadHierarchicalTestExecutorService.java:35)
	at org.junit.platform.engine.support.hierarchical.HierarchicalTestExecutor.execute(HierarchicalTestExecutor.java:57)
	at org.junit.platform.engine.support.hierarchical.HierarchicalTestEngine.execute(HierarchicalTestEngine.java:54)
	at org.junit.platform.launcher.core.EngineExecutionOrchestrator.execute(EngineExecutionOrchestrator.java:147)
	at org.junit.platform.launcher.core.EngineExecutionOrchestrator.execute(EngineExecutionOrchestrator.java:127)
	at org.junit.platform.launcher.core.EngineExecutionOrchestrator.execute(EngineExecutionOrchestrator.java:90)
	at org.junit.platform.launcher.core.EngineExecutionOrchestrator.lambda$execute$0(EngineExecutionOrchestrator.java:55)
	at org.junit.platform.launcher.core.EngineExecutionOrchestrator.withInterceptedStreams(EngineExecutionOrchestrator.java:102)
	at org.junit.platform.launcher.core.EngineExecutionOrchestrator.execute(EngineExecutionOrchestrator.java:54)
	at org.junit.platform.launcher.core.DefaultLauncher.execute(DefaultLauncher.java:114)
	at org.junit.platform.launcher.core.DefaultLauncher.execute(DefaultLauncher.java:86)
	at org.junit.platform.launcher.core.DefaultLauncherSession$DelegatingLauncher.execute(DefaultLauncherSession.java:86)
	at org.apache.maven.surefire.junitplatform.LazyLauncher.execute(LazyLauncher.java:56)
	at org.apache.maven.surefire.junitplatform.JUnitPlatformProvider.execute(JUnitPlatformProvider.java:184)
	at org.apache.maven.surefire.junitplatform.JUnitPlatformProvider.invokeAllTests(JUnitPlatformProvider.java:148)
	at org.apache.maven.surefire.junitplatform.JUnitPlatformProvider.invoke(JUnitPlatformProvider.java:122)
	at org.apache.maven.surefire.booter.ForkedBooter.runSuitesInProcess(ForkedBooter.java:385)
	at org.apache.maven.surefire.booter.ForkedBooter.execute(ForkedBooter.java:162)
	at org.apache.maven.surefire.booter.ForkedBooter.run(ForkedBooter.java:507)
	at org.apache.maven.surefire.booter.ForkedBooter.main(ForkedBooter.java:495)
]]></failure>
    <system-out><![CDATA[2025-09-25T06:38:21.325+05:30  INFO 20160 --- [           main] t.c.s.AnnotationConfigContextLoaderUtils : Could not detect default configuration classes for test class [com.climbup.productivity_app.TaskControllerTest]: TaskControllerTest does not declare any static, non-private, non-final, nested classes annotated with @Configuration.
2025-09-25T06:38:21.332+05:30  INFO 20160 --- [           main] .b.t.c.SpringBootTestContextBootstrapper : Found @SpringBootConfiguration com.climbup.productivity_app.ClimbupApplication for test class com.climbup.productivity_app.TaskControllerTest
2025-09-25T06:38:21.342+05:30  INFO 20160 --- [           main] o.s.b.d.r.RestartApplicationListener     : Restart disabled due to context in which it is running

  .   ____          _            __ _ _
 /\\ / ___'_ __ _ _(_)_ __  __ _ \ \ \ \
( ( )\___ | '_ | '_| | '_ \/ _` | \ \ \ \
 \\/  ___)| |_)| | | | | || (_| |  ) ) ) )
  '  |____| .__|_| |_|_| |_\__, | / / / /
 =========|_|==============|___/=/_/_/_/
 :: Spring Boot ::                (v3.1.5)

2025-09-25T06:38:21.377+05:30  INFO 20160 --- [           main] c.c.productivity_app.TaskControllerTest  : Starting TaskControllerTest using Java 17.0.12 with PID 20160 (started by Hari in D:\productivity-app)
2025-09-25T06:38:21.377+05:30  INFO 20160 --- [           main] c.c.productivity_app.TaskControllerTest  : No active profile set, falling back to 1 default profile: "default"
2025-09-25T06:38:21.672+05:30  INFO 20160 --- [           main] .s.d.r.c.RepositoryConfigurationDelegate : Bootstrapping Spring Data JPA repositories in DEFAULT mode.
2025-09-25T06:38:21.703+05:30  INFO 20160 --- [           main] .s.d.r.c.RepositoryConfigurationDelegate : Finished Spring Data repository scanning in 29 ms. Found 11 JPA repository interfaces.
2025-09-25T06:38:22.684+05:30  INFO 20160 --- [           main] o.s.o.j.p.SpringPersistenceUnitInfo      : No LoadTimeWeaver setup: ignoring JPA class transformer
2025-09-25T06:38:22.741+05:30  INFO 20160 --- [           main] com.zaxxer.hikari.HikariDataSource       : HikariPool-1 - Starting...
2025-09-25T06:38:23.054+05:30  INFO 20160 --- [           main] com.zaxxer.hikari.pool.HikariPool        : HikariPool-1 - Added connection conn0: url=jdbc:h2:mem:climbup_db user=SA
2025-09-25T06:38:23.057+05:30  INFO 20160 --- [           main] com.zaxxer.hikari.HikariDataSource       : HikariPool-1 - Start completed.
2025-09-25T06:38:24.852+05:30 DEBUG 20160 --- [           main] org.hibernate.SQL                        : 
    create table achievements (
        id bigint generated by default as identity,
        category varchar(100),
        created_at timestamp(6) not null,
        description varchar(255),
        icon varchar(255),
        newly_unlocked boolean not null,
        seen boolean not null,
        title varchar(100) not null,
        type varchar(50) not null check (type in ('STREAK','GOAL','TASK','GENERAL')),
        unlocked boolean not null,
        unlocked_date date,
        user_id bigint not null,
        primary key (id)
    )
Hibernate: 
    create table achievements (
        id bigint generated by default as identity,
        category varchar(100),
        created_at timestamp(6) not null,
        description varchar(255),
        icon varchar(255),
        newly_unlocked boolean not null,
        seen boolean not null,
        title varchar(100) not null,
        type varchar(50) not null check (type in ('STREAK','GOAL','TASK','GENERAL')),
        unlocked boolean not null,
        unlocked_date date,
        user_id bigint not null,
        primary key (id)
    )
2025-09-25T06:38:24.867+05:30 DEBUG 20160 --- [           main] org.hibernate.SQL                        : 
    create table activities (
        id bigint generated by default as identity,
        description varchar(500) not null,
        focus_minutes integer not null,
        timestamp timestamp(6) not null,
        type varchar(255) not null check (type in ('TASK','GOAL','CHALLENGE','FOCUS_SESSION','ACHIEVEMENT','LOGIN','OTHER','STREAK')),
        user_id bigint not null,
        primary key (id)
    )
Hibernate: 
    create table activities (
        id bigint generated by default as identity,
        description varchar(500) not null,
        focus_minutes integer not null,
        timestamp timestamp(6) not null,
        type varchar(255) not null check (type in ('TASK','GOAL','CHALLENGE','FOCUS_SESSION','ACHIEVEMENT','LOGIN','OTHER','STREAK')),
        user_id bigint not null,
        primary key (id)
    )
2025-09-25T06:38:24.868+05:30 DEBUG 20160 --- [           main] org.hibernate.SQL                        : 
    create table activity_log (
        id bigint generated by default as identity,
        activity_date date not null,
        category varchar(255) not null,
        logged_at timestamp(6),
        user_id bigint not null,
        primary key (id)
    )
Hibernate: 
    create table activity_log (
        id bigint generated by default as identity,
        activity_date date not null,
        category varchar(255) not null,
        logged_at timestamp(6),
        user_id bigint not null,
        primary key (id)
    )
2025-09-25T06:38:24.870+05:30 DEBUG 20160 --- [           main] org.hibernate.SQL                        : 
    create table focus_sessions (
        id bigint generated by default as identity,
        duration_minutes integer not null check ((duration_minutes<=180) and (duration_minutes>=1)),
        end_time timestamp(6),
        notes varchar(255),
        session_type varchar(255) not null check (session_type in ('POMODORO','CUSTOM')),
        start_time timestamp(6),
        successful boolean,
        updated_at timestamp(6),
        user_id bigint not null,
        primary key (id)
    )
Hibernate: 
    create table focus_sessions (
        id bigint generated by default as identity,
        duration_minutes integer not null check ((duration_minutes<=180) and (duration_minutes>=1)),
        end_time timestamp(6),
        notes varchar(255),
        session_type varchar(255) not null check (session_type in ('POMODORO','CUSTOM')),
        start_time timestamp(6),
        successful boolean,
        updated_at timestamp(6),
        user_id bigint not null,
        primary key (id)
    )
2025-09-25T06:38:24.874+05:30 DEBUG 20160 --- [           main] org.hibernate.SQL                        : 
    create table goals (
        id bigint generated by default as identity,
        created_at timestamp(6),
        description varchar(500),
        due_date date,
        priority varchar(255) not null check (priority in ('LOW','MEDIUM','HIGH')),
        progress integer not null,
        status varchar(255) not null check (status in ('ACTIVE','COMPLETED','DROPPED')),
        title varchar(150) not null,
        updated_at timestamp(6),
        user_id bigint not null,
        primary key (id)
    )
Hibernate: 
    create table goals (
        id bigint generated by default as identity,
        created_at timestamp(6),
        description varchar(500),
        due_date date,
        priority varchar(255) not null check (priority in ('LOW','MEDIUM','HIGH')),
        progress integer not null,
        status varchar(255) not null check (status in ('ACTIVE','COMPLETED','DROPPED')),
        title varchar(150) not null,
        updated_at timestamp(6),
        user_id bigint not null,
        primary key (id)
    )
2025-09-25T06:38:24.876+05:30 DEBUG 20160 --- [           main] org.hibernate.SQL                        : 
    create table profile (
        id bigint generated by default as identity,
        bio varchar(255),
        email varchar(255),
        first_name varchar(255),
        last_name varchar(255),
        user_id bigint not null,
        primary key (id)
    )
Hibernate: 
    create table profile (
        id bigint generated by default as identity,
        bio varchar(255),
        email varchar(255),
        first_name varchar(255),
        last_name varchar(255),
        user_id bigint not null,
        primary key (id)
    )
2025-09-25T06:38:24.877+05:30 DEBUG 20160 --- [           main] org.hibernate.SQL                        : 
    create table streak_challenges (
        id bigint generated by default as identity,
        achievement_unlocked boolean not null,
        challenge_type varchar(255) not null check (challenge_type in ('TWENTY_ONE_DAYS','FIFTY_DAYS','HUNDRED_DAYS')),
        completed boolean not null,
        created_at timestamp(6),
        current_streak integer not null,
        duration_days integer not null,
        last_completed_date date,
        start_date date not null,
        updated_at timestamp(6),
        user_id bigint not null,
        primary key (id)
    )
Hibernate: 
    create table streak_challenges (
        id bigint generated by default as identity,
        achievement_unlocked boolean not null,
        challenge_type varchar(255) not null check (challenge_type in ('TWENTY_ONE_DAYS','FIFTY_DAYS','HUNDRED_DAYS')),
        completed boolean not null,
        created_at timestamp(6),
        current_streak integer not null,
        duration_days integer not null,
        last_completed_date date,
        start_date date not null,
        updated_at timestamp(6),
        user_id bigint not null,
        primary key (id)
    )
2025-09-25T06:38:24.880+05:30 DEBUG 20160 --- [           main] org.hibernate.SQL                        : 
    create table streak_tracker (
        id bigint generated by default as identity,
        category varchar(255) not null,
        created_at timestamp(6),
        current_streak integer not null,
        last_active_date date,
        longest_streak integer not null,
        updated_at timestamp(6),
        user_id bigint not null,
        primary key (id)
    )
Hibernate: 
    create table streak_tracker (
        id bigint generated by default as identity,
        category varchar(255) not null,
        created_at timestamp(6),
        current_streak integer not null,
        last_active_date date,
        longest_streak integer not null,
        updated_at timestamp(6),
        user_id bigint not null,
        primary key (id)
    )
2025-09-25T06:38:24.881+05:30 DEBUG 20160 --- [           main] org.hibernate.SQL                        : 
    create table tasks (
        id bigint generated by default as identity,
        category varchar(255),
        completed boolean not null,
        completed_date_time timestamp(6),
        completion_date date,
        created_at timestamp(6),
        description varchar(500),
        due_date date not null,
        icon_url varchar(255),
        missed boolean not null,
        priority varchar(255) not null check (priority in ('LOW','MEDIUM','HIGH')),
        start_time time(6),
        title varchar(100),
        updated_at timestamp(6),
        user_id bigint not null,
        primary key (id)
    )
Hibernate: 
    create table tasks (
        id bigint generated by default as identity,
        category varchar(255),
        completed boolean not null,
        completed_date_time timestamp(6),
        completion_date date,
        created_at timestamp(6),
        description varchar(500),
        due_date date not null,
        icon_url varchar(255),
        missed boolean not null,
        priority varchar(255) not null check (priority in ('LOW','MEDIUM','HIGH')),
        start_time time(6),
        title varchar(100),
        updated_at timestamp(6),
        user_id bigint not null,
        primary key (id)
    )
2025-09-25T06:38:24.883+05:30 DEBUG 20160 --- [           main] org.hibernate.SQL                        : 
    create table user_achievements (
        id bigint generated by default as identity,
        unlocked_at timestamp(6) not null,
        achievement_id bigint not null,
        user_id bigint not null,
        primary key (id)
    )
Hibernate: 
    create table user_achievements (
        id bigint generated by default as identity,
        unlocked_at timestamp(6) not null,
        achievement_id bigint not null,
        user_id bigint not null,
        primary key (id)
    )
2025-09-25T06:38:24.888+05:30 DEBUG 20160 --- [           main] org.hibernate.SQL                        : 
    create table users (
        id bigint generated by default as identity,
        account_non_expired boolean not null,
        account_non_locked boolean not null,
        best_streak integer,
        created_at timestamp(6),
        credentials_non_expired boolean not null,
        current_streak integer,
        email varchar(255),
        enabled boolean not null,
        last_active_date date,
        password varchar(255),
        reset_token varchar(255),
        reset_token_expiry timestamp(6),
        updated_at timestamp(6),
        username varchar(50),
        verification_token varchar(255),
        primary key (id)
    )
Hibernate: 
    create table users (
        id bigint generated by default as identity,
        account_non_expired boolean not null,
        account_non_locked boolean not null,
        best_streak integer,
        created_at timestamp(6),
        credentials_non_expired boolean not null,
        current_streak integer,
        email varchar(255),
        enabled boolean not null,
        last_active_date date,
        password varchar(255),
        reset_token varchar(255),
        reset_token_expiry timestamp(6),
        updated_at timestamp(6),
        username varchar(50),
        verification_token varchar(255),
        primary key (id)
    )
2025-09-25T06:38:24.891+05:30 DEBUG 20160 --- [           main] org.hibernate.SQL                        : 
    create index idx_user_timestamp 
       on activities (user_id, timestamp)
Hibernate: 
    create index idx_user_timestamp 
       on activities (user_id, timestamp)
2025-09-25T06:38:24.892+05:30 DEBUG 20160 --- [           main] org.hibernate.SQL                        : 
    alter table if exists profile 
       drop constraint if exists UK_c1dkiawnlj6uoe6fnlwd6j83j
Hibernate: 
    alter table if exists profile 
       drop constraint if exists UK_c1dkiawnlj6uoe6fnlwd6j83j
2025-09-25T06:38:24.893+05:30 DEBUG 20160 --- [           main] org.hibernate.SQL                        : 
    alter table if exists profile 
       add constraint UK_c1dkiawnlj6uoe6fnlwd6j83j unique (user_id)
Hibernate: 
    alter table if exists profile 
       add constraint UK_c1dkiawnlj6uoe6fnlwd6j83j unique (user_id)
2025-09-25T06:38:24.894+05:30 DEBUG 20160 --- [           main] org.hibernate.SQL                        : 
    alter table if exists users 
       drop constraint if exists UK_6dotkott2kjsp8vw4d0m25fb7
Hibernate: 
    alter table if exists users 
       drop constraint if exists UK_6dotkott2kjsp8vw4d0m25fb7
2025-09-25T06:38:24.894+05:30 DEBUG 20160 --- [           main] org.hibernate.SQL                        : 
    alter table if exists users 
       add constraint UK_6dotkott2kjsp8vw4d0m25fb7 unique (email)
Hibernate: 
    alter table if exists users 
       add constraint UK_6dotkott2kjsp8vw4d0m25fb7 unique (email)
2025-09-25T06:38:24.895+05:30 DEBUG 20160 --- [           main] org.hibernate.SQL                        : 
    alter table if exists users 
       drop constraint if exists UK_r43af9ap4edm43mmtq01oddj6
Hibernate: 
    alter table if exists users 
       drop constraint if exists UK_r43af9ap4edm43mmtq01oddj6
2025-09-25T06:38:24.895+05:30 DEBUG 20160 --- [           main] org.hibernate.SQL                        : 
    alter table if exists users 
       add constraint UK_r43af9ap4edm43mmtq01oddj6 unique (username)
Hibernate: 
    alter table if exists users 
       add constraint UK_r43af9ap4edm43mmtq01oddj6 unique (username)
2025-09-25T06:38:24.895+05:30 DEBUG 20160 --- [           main] org.hibernate.SQL                        : 
    alter table if exists achievements 
       add constraint FK1efgavvlxwajrr25mqpl34m1n 
       foreign key (user_id) 
       references users
Hibernate: 
    alter table if exists achievements 
       add constraint FK1efgavvlxwajrr25mqpl34m1n 
       foreign key (user_id) 
       references users
2025-09-25T06:38:24.901+05:30 DEBUG 20160 --- [           main] org.hibernate.SQL                        : 
    alter table if exists activities 
       add constraint FKq6cjukylkgxdjkm9npk9va2f2 
       foreign key (user_id) 
       references users
Hibernate: 
    alter table if exists activities 
       add constraint FKq6cjukylkgxdjkm9npk9va2f2 
       foreign key (user_id) 
       references users
2025-09-25T06:38:24.902+05:30 DEBUG 20160 --- [           main] org.hibernate.SQL                        : 
    alter table if exists activity_log 
       add constraint FK634sb3dvk7nyxjcjcem7m282a 
       foreign key (user_id) 
       references users
Hibernate: 
    alter table if exists activity_log 
       add constraint FK634sb3dvk7nyxjcjcem7m282a 
       foreign key (user_id) 
       references users
2025-09-25T06:38:24.904+05:30 DEBUG 20160 --- [           main] org.hibernate.SQL                        : 
    alter table if exists focus_sessions 
       add constraint FKcjt1qit8ck1qmkfpjiocf322d 
       foreign key (user_id) 
       references users
Hibernate: 
    alter table if exists focus_sessions 
       add constraint FKcjt1qit8ck1qmkfpjiocf322d 
       foreign key (user_id) 
       references users
2025-09-25T06:38:24.905+05:30 DEBUG 20160 --- [           main] org.hibernate.SQL                        : 
    alter table if exists goals 
       add constraint FKb1mp6ulyqkpcw6bc1a2mr7v1g 
       foreign key (user_id) 
       references users
Hibernate: 
    alter table if exists goals 
       add constraint FKb1mp6ulyqkpcw6bc1a2mr7v1g 
       foreign key (user_id) 
       references users
2025-09-25T06:38:24.906+05:30 DEBUG 20160 --- [           main] org.hibernate.SQL                        : 
    alter table if exists profile 
       add constraint FKs14jvsf9tqrcnly0afsv0ngwv 
       foreign key (user_id) 
       references users
Hibernate: 
    alter table if exists profile 
       add constraint FKs14jvsf9tqrcnly0afsv0ngwv 
       foreign key (user_id) 
       references users
2025-09-25T06:38:24.908+05:30 DEBUG 20160 --- [           main] org.hibernate.SQL                        : 
    alter table if exists streak_challenges 
       add constraint FKrqsi9obdggi7289yhi11c7h3s 
       foreign key (user_id) 
       references users
Hibernate: 
    alter table if exists streak_challenges 
       add constraint FKrqsi9obdggi7289yhi11c7h3s 
       foreign key (user_id) 
       references users
2025-09-25T06:38:24.910+05:30 DEBUG 20160 --- [           main] org.hibernate.SQL                        : 
    alter table if exists streak_tracker 
       add constraint FKi4cfd3q84udaoo30e5t0qpops 
       foreign key (user_id) 
       references users
Hibernate: 
    alter table if exists streak_tracker 
       add constraint FKi4cfd3q84udaoo30e5t0qpops 
       foreign key (user_id) 
       references users
2025-09-25T06:38:24.911+05:30 DEBUG 20160 --- [           main] org.hibernate.SQL                        : 
    alter table if exists tasks 
       add constraint FK6s1ob9k4ihi75xbxe2w0ylsdh 
       foreign key (user_id) 
       references users
Hibernate: 
    alter table if exists tasks 
       add constraint FK6s1ob9k4ihi75xbxe2w0ylsdh 
       foreign key (user_id) 
       references users
2025-09-25T06:38:24.912+05:30 DEBUG 20160 --- [           main] org.hibernate.SQL                        : 
    alter table if exists user_achievements 
       add constraint FK8ipvec6cs8t3g8515thtlsxuf 
       foreign key (achievement_id) 
       references achievements
Hibernate: 
    alter table if exists user_achievements 
       add constraint FK8ipvec6cs8t3g8515thtlsxuf 
       foreign key (achievement_id) 
       references achievements
2025-09-25T06:38:24.913+05:30 DEBUG 20160 --- [           main] org.hibernate.SQL                        : 
    alter table if exists user_achievements 
       add constraint FK6vt5fpu0uta41vny1x6vpk45k 
       foreign key (user_id) 
       references users
Hibernate: 
    alter table if exists user_achievements 
       add constraint FK6vt5fpu0uta41vny1x6vpk45k 
       foreign key (user_id) 
       references users
2025-09-25T06:38:24.934+05:30  INFO 20160 --- [           main] j.LocalContainerEntityManagerFactoryBean : Initialized JPA EntityManagerFactory for persistence unit 'default'
2025-09-25T06:38:25.001+05:30 DEBUG 20160 --- [           main] .c.JpaMetamodelMappingContextFactoryBean : Initializing JpaMetamodelMappingContext…
2025-09-25T06:38:25.025+05:30 DEBUG 20160 --- [           main] .c.JpaMetamodelMappingContextFactoryBean : Finished initializing JpaMetamodelMappingContext
2025-09-25T06:38:26.070+05:30  INFO 20160 --- [           main] o.s.d.j.r.query.QueryEnhancerFactory     : Hibernate is in classpath; If applicable, HQL parser will be used.
2025-09-25T06:38:27.855+05:30  INFO 20160 --- [           main] o.s.b.a.h2.H2ConsoleAutoConfiguration    : H2 console available at '/h2-console'. Database available at 'jdbc:h2:mem:climbup_db'
2025-09-25T06:38:27.926+05:30 DEBUG 20160 --- [           main] swordEncoderAuthenticationManagerBuilder : No authenticationProviders and no parentAuthenticationManager defined. Returning null.
2025-09-25T06:38:28.114+05:30  INFO 20160 --- [           main] o.s.s.web.DefaultSecurityFilterChain     : Will secure any request with [org.springframework.security.web.session.DisableEncodeUrlFilter@332f6402, org.springframework.security.web.context.request.async.WebAsyncManagerIntegrationFilter@138e153b, org.springframework.security.web.context.SecurityContextHolderFilter@3241c573, org.springframework.security.web.header.HeaderWriterFilter@4f53f1b1, org.springframework.security.web.csrf.CsrfFilter@6ce940d, org.springframework.security.web.authentication.logout.LogoutFilter@43717598, org.springframework.security.web.authentication.UsernamePasswordAuthenticationFilter@57a84ac4, org.springframework.security.web.authentication.ui.DefaultLoginPageGeneratingFilter@365b1eb5, org.springframework.security.web.authentication.ui.DefaultLogoutPageGeneratingFilter@3cb49d5e, org.springframework.security.web.authentication.www.BasicAuthenticationFilter@412dd71b, org.springframework.security.web.savedrequest.RequestCacheAwareFilter@6f7be76, org.springframework.security.web.servletapi.SecurityContextHolderAwareRequestFilter@a547191, org.springframework.security.web.authentication.AnonymousAuthenticationFilter@4b1e6ed8, org.springframework.security.web.access.ExceptionTranslationFilter@bc8921c, org.springframework.security.web.access.intercept.AuthorizationFilter@8810ce1]
2025-09-25T06:38:28.150+05:30  WARN 20160 --- [           main] .s.s.UserDetailsServiceAutoConfiguration : 

Using generated security password: 427c6367-629f-467a-94e7-b4e4ab93bab6

This generated password is for development use only. Your security configuration must be updated before running your application in production.

2025-09-25T06:38:28.187+05:30  INFO 20160 --- [           main] o.s.b.t.m.w.SpringBootMockServletContext : Initializing Spring TestDispatcherServlet ''
2025-09-25T06:38:28.187+05:30  INFO 20160 --- [           main] o.s.t.web.servlet.TestDispatcherServlet  : Initializing Servlet ''
2025-09-25T06:38:28.189+05:30  INFO 20160 --- [           main] o.s.t.web.servlet.TestDispatcherServlet  : Completed initialization in 2 ms
2025-09-25T06:38:28.208+05:30  INFO 20160 --- [           main] c.c.productivity_app.TaskControllerTest  : Started TaskControllerTest in 6.865 seconds (process running for 18.176)
2025-09-25T06:38:28.260+05:30 DEBUG 20160 --- [           main] w.c.HttpSessionSecurityContextRepository : Created HttpSession as SecurityContext is non-default
2025-09-25T06:38:28.265+05:30 DEBUG 20160 --- [           main] w.c.HttpSessionSecurityContextRepository : Stored Mock for SecurityContext, hashCode: 478214365 to HttpSession [org.springframework.mock.web.MockHttpSession@50208b01]
2025-09-25T06:38:28.268+05:30 DEBUG 20160 --- [           main] o.s.security.web.FilterChainProxy        : Securing POST /tasks
2025-09-25T06:38:28.282+05:30 DEBUG 20160 --- [           main] o.s.security.web.csrf.CsrfFilter         : Invalid CSRF token found for http://localhost/tasks
2025-09-25T06:38:28.282+05:30 DEBUG 20160 --- [           main] o.s.s.w.access.AccessDeniedHandlerImpl   : Responding with 403 status code

MockHttpServletRequest:
      HTTP Method = POST
      Request URI = /tasks
       Parameters = {}
          Headers = [Content-Type:"application/json;charset=UTF-8", Content-Length:"70"]
             Body = {"title":"New Task","description":null,"dueDate":null,"priority":null}
    Session Attrs = {org.springframework.security.web.csrf.HttpSessionCsrfTokenRepository.CSRF_TOKEN=org.springframework.security.web.csrf.DefaultCsrfToken@76bfd311, SPRING_SECURITY_CONTEXT=Mock for SecurityContext, hashCode: 478214365}

Handler:
             Type = null

Async:
    Async started = false
     Async result = null

Resolved Exception:
             Type = null

ModelAndView:
        View name = null
             View = null
            Model = null

FlashMap:
       Attributes = null

MockHttpServletResponse:
           Status = 403
    Error message = Forbidden
          Headers = [X-Content-Type-Options:"nosniff", X-XSS-Protection:"0", Cache-Control:"no-cache, no-store, max-age=0, must-revalidate", Pragma:"no-cache", Expires:"0", X-Frame-Options:"DENY"]
     Content type = null
             Body = 
    Forwarded URL = null
   Redirected URL = null
          Cookies = []
]]></system-out>
  </testcase>
  <testcase name="getTasks_ShouldReturn200" classname="com.climbup.productivity_app.TaskControllerTest" time="0.024">
    <failure message="Status expected:&lt;200&gt; but was:&lt;401&gt;" type="java.lang.AssertionError"><![CDATA[java.lang.AssertionError: Status expected:<200> but was:<401>
	at org.springframework.test.util.AssertionErrors.fail(AssertionErrors.java:59)
	at org.springframework.test.util.AssertionErrors.assertEquals(AssertionErrors.java:122)
	at org.springframework.test.web.servlet.result.StatusResultMatchers.lambda$matcher$9(StatusResultMatchers.java:637)
	at org.springframework.test.web.servlet.MockMvc$1.andExpect(MockMvc.java:214)
	at com.climbup.productivity_app.TaskControllerTest.getTasks_ShouldReturn200(TaskControllerTest.java:83)
	at java.base/jdk.internal.reflect.NativeMethodAccessorImpl.invoke0(Native Method)
	at java.base/jdk.internal.reflect.NativeMethodAccessorImpl.invoke(NativeMethodAccessorImpl.java:77)
	at java.base/jdk.internal.reflect.DelegatingMethodAccessorImpl.invoke(DelegatingMethodAccessorImpl.java:43)
	at java.base/java.lang.reflect.Method.invoke(Method.java:568)
	at org.junit.platform.commons.util.ReflectionUtils.invokeMethod(ReflectionUtils.java:727)
	at org.junit.jupiter.engine.execution.MethodInvocation.proceed(MethodInvocation.java:60)
	at org.junit.jupiter.engine.execution.InvocationInterceptorChain$ValidatingInvocation.proceed(InvocationInterceptorChain.java:131)
	at org.junit.jupiter.engine.extension.TimeoutExtension.intercept(TimeoutExtension.java:156)
	at org.junit.jupiter.engine.extension.TimeoutExtension.interceptTestableMethod(TimeoutExtension.java:147)
	at org.junit.jupiter.engine.extension.TimeoutExtension.interceptTestMethod(TimeoutExtension.java:86)
	at org.junit.jupiter.engine.execution.InterceptingExecutableInvoker$ReflectiveInterceptorCall.lambda$ofVoidMethod$0(InterceptingExecutableInvoker.java:103)
	at org.junit.jupiter.engine.execution.InterceptingExecutableInvoker.lambda$invoke$0(InterceptingExecutableInvoker.java:93)
	at org.junit.jupiter.engine.execution.InvocationInterceptorChain$InterceptedInvocation.proceed(InvocationInterceptorChain.java:106)
	at org.junit.jupiter.engine.execution.InvocationInterceptorChain.proceed(InvocationInterceptorChain.java:64)
	at org.junit.jupiter.engine.execution.InvocationInterceptorChain.chainAndInvoke(InvocationInterceptorChain.java:45)
	at org.junit.jupiter.engine.execution.InvocationInterceptorChain.invoke(InvocationInterceptorChain.java:37)
	at org.junit.jupiter.engine.execution.InterceptingExecutableInvoker.invoke(InterceptingExecutableInvoker.java:92)
	at org.junit.jupiter.engine.execution.InterceptingExecutableInvoker.invoke(InterceptingExecutableInvoker.java:86)
	at org.junit.jupiter.engine.descriptor.TestMethodTestDescriptor.lambda$invokeTestMethod$7(TestMethodTestDescriptor.java:217)
	at org.junit.platform.engine.support.hierarchical.ThrowableCollector.execute(ThrowableCollector.java:73)
	at org.junit.jupiter.engine.descriptor.TestMethodTestDescriptor.invokeTestMethod(TestMethodTestDescriptor.java:213)
	at org.junit.jupiter.engine.descriptor.TestMethodTestDescriptor.execute(TestMethodTestDescriptor.java:138)
	at org.junit.jupiter.engine.descriptor.TestMethodTestDescriptor.execute(TestMethodTestDescriptor.java:68)
	at org.junit.platform.engine.support.hierarchical.NodeTestTask.lambda$executeRecursively$6(NodeTestTask.java:151)
	at org.junit.platform.engine.support.hierarchical.ThrowableCollector.execute(ThrowableCollector.java:73)
	at org.junit.platform.engine.support.hierarchical.NodeTestTask.lambda$executeRecursively$8(NodeTestTask.java:141)
	at org.junit.platform.engine.support.hierarchical.Node.around(Node.java:137)
	at org.junit.platform.engine.support.hierarchical.NodeTestTask.lambda$executeRecursively$9(NodeTestTask.java:139)
	at org.junit.platform.engine.support.hierarchical.ThrowableCollector.execute(ThrowableCollector.java:73)
	at org.junit.platform.engine.support.hierarchical.NodeTestTask.executeRecursively(NodeTestTask.java:138)
	at org.junit.platform.engine.support.hierarchical.NodeTestTask.execute(NodeTestTask.java:95)
	at java.base/java.util.ArrayList.forEach(ArrayList.java:1511)
	at org.junit.platform.engine.support.hierarchical.SameThreadHierarchicalTestExecutorService.invokeAll(SameThreadHierarchicalTestExecutorService.java:41)
	at org.junit.platform.engine.support.hierarchical.NodeTestTask.lambda$executeRecursively$6(NodeTestTask.java:155)
	at org.junit.platform.engine.support.hierarchical.ThrowableCollector.execute(ThrowableCollector.java:73)
	at org.junit.platform.engine.support.hierarchical.NodeTestTask.lambda$executeRecursively$8(NodeTestTask.java:141)
	at org.junit.platform.engine.support.hierarchical.Node.around(Node.java:137)
	at org.junit.platform.engine.support.hierarchical.NodeTestTask.lambda$executeRecursively$9(NodeTestTask.java:139)
	at org.junit.platform.engine.support.hierarchical.ThrowableCollector.execute(ThrowableCollector.java:73)
	at org.junit.platform.engine.support.hierarchical.NodeTestTask.executeRecursively(NodeTestTask.java:138)
	at org.junit.platform.engine.support.hierarchical.NodeTestTask.execute(NodeTestTask.java:95)
	at java.base/java.util.ArrayList.forEach(ArrayList.java:1511)
	at org.junit.platform.engine.support.hierarchical.SameThreadHierarchicalTestExecutorService.invokeAll(SameThreadHierarchicalTestExecutorService.java:41)
	at org.junit.platform.engine.support.hierarchical.NodeTestTask.lambda$executeRecursively$6(NodeTestTask.java:155)
	at org.junit.platform.engine.support.hierarchical.ThrowableCollector.execute(ThrowableCollector.java:73)
	at org.junit.platform.engine.support.hierarchical.NodeTestTask.lambda$executeRecursively$8(NodeTestTask.java:141)
	at org.junit.platform.engine.support.hierarchical.Node.around(Node.java:137)
	at org.junit.platform.engine.support.hierarchical.NodeTestTask.lambda$executeRecursively$9(NodeTestTask.java:139)
	at org.junit.platform.engine.support.hierarchical.ThrowableCollector.execute(ThrowableCollector.java:73)
	at org.junit.platform.engine.support.hierarchical.NodeTestTask.executeRecursively(NodeTestTask.java:138)
	at org.junit.platform.engine.support.hierarchical.NodeTestTask.execute(NodeTestTask.java:95)
	at org.junit.platform.engine.support.hierarchical.SameThreadHierarchicalTestExecutorService.submit(SameThreadHierarchicalTestExecutorService.java:35)
	at org.junit.platform.engine.support.hierarchical.HierarchicalTestExecutor.execute(HierarchicalTestExecutor.java:57)
	at org.junit.platform.engine.support.hierarchical.HierarchicalTestEngine.execute(HierarchicalTestEngine.java:54)
	at org.junit.platform.launcher.core.EngineExecutionOrchestrator.execute(EngineExecutionOrchestrator.java:147)
	at org.junit.platform.launcher.core.EngineExecutionOrchestrator.execute(EngineExecutionOrchestrator.java:127)
	at org.junit.platform.launcher.core.EngineExecutionOrchestrator.execute(EngineExecutionOrchestrator.java:90)
	at org.junit.platform.launcher.core.EngineExecutionOrchestrator.lambda$execute$0(EngineExecutionOrchestrator.java:55)
	at org.junit.platform.launcher.core.EngineExecutionOrchestrator.withInterceptedStreams(EngineExecutionOrchestrator.java:102)
	at org.junit.platform.launcher.core.EngineExecutionOrchestrator.execute(EngineExecutionOrchestrator.java:54)
	at org.junit.platform.launcher.core.DefaultLauncher.execute(DefaultLauncher.java:114)
	at org.junit.platform.launcher.core.DefaultLauncher.execute(DefaultLauncher.java:86)
	at org.junit.platform.launcher.core.DefaultLauncherSession$DelegatingLauncher.execute(DefaultLauncherSession.java:86)
	at org.apache.maven.surefire.junitplatform.LazyLauncher.execute(LazyLauncher.java:56)
	at org.apache.maven.surefire.junitplatform.JUnitPlatformProvider.execute(JUnitPlatformProvider.java:184)
	at org.apache.maven.surefire.junitplatform.JUnitPlatformProvider.invokeAllTests(JUnitPlatformProvider.java:148)
	at org.apache.maven.surefire.junitplatform.JUnitPlatformProvider.invoke(JUnitPlatformProvider.java:122)
	at org.apache.maven.surefire.booter.ForkedBooter.runSuitesInProcess(ForkedBooter.java:385)
	at org.apache.maven.surefire.booter.ForkedBooter.execute(ForkedBooter.java:162)
	at org.apache.maven.surefire.booter.ForkedBooter.run(ForkedBooter.java:507)
	at org.apache.maven.surefire.booter.ForkedBooter.main(ForkedBooter.java:495)
]]></failure>
    <system-out><![CDATA[2025-09-25T06:38:28.307+05:30 DEBUG 20160 --- [           main] o.s.security.web.FilterChainProxy        : Securing GET /tasks
2025-09-25T06:38:28.312+05:30 DEBUG 20160 --- [           main] o.s.s.w.a.AnonymousAuthenticationFilter  : Set SecurityContextHolder to anonymous SecurityContext
2025-09-25T06:38:28.315+05:30 DEBUG 20160 --- [           main] o.s.s.w.s.HttpSessionRequestCache        : Saved request http://localhost/tasks?continue to session
2025-09-25T06:38:28.320+05:30 DEBUG 20160 --- [           main] s.w.a.DelegatingAuthenticationEntryPoint : Trying to match using And [Not [RequestHeaderRequestMatcher [expectedHeaderName=X-Requested-With, expectedHeaderValue=XMLHttpRequest]], MediaTypeRequestMatcher [contentNegotiationStrategy=org.springframework.web.accept.ContentNegotiationManager@3abb7923, matchingMediaTypes=[application/xhtml+xml, image/*, text/html, text/plain], useEquals=false, ignoredMediaTypes=[*/*]]]
2025-09-25T06:38:28.321+05:30 DEBUG 20160 --- [           main] s.w.a.DelegatingAuthenticationEntryPoint : Trying to match using Or [RequestHeaderRequestMatcher [expectedHeaderName=X-Requested-With, expectedHeaderValue=XMLHttpRequest], And [Not [MediaTypeRequestMatcher [contentNegotiationStrategy=org.springframework.web.accept.ContentNegotiationManager@3abb7923, matchingMediaTypes=[text/html], useEquals=false, ignoredMediaTypes=[]]], MediaTypeRequestMatcher [contentNegotiationStrategy=org.springframework.web.accept.ContentNegotiationManager@3abb7923, matchingMediaTypes=[application/atom+xml, application/x-www-form-urlencoded, application/json, application/octet-stream, application/xml, multipart/form-data, text/xml], useEquals=false, ignoredMediaTypes=[*/*]]], MediaTypeRequestMatcher [contentNegotiationStrategy=org.springframework.web.accept.ContentNegotiationManager@3abb7923, matchingMediaTypes=[*/*], useEquals=true, ignoredMediaTypes=[]]]
2025-09-25T06:38:28.321+05:30 DEBUG 20160 --- [           main] s.w.a.DelegatingAuthenticationEntryPoint : Match found! Executing org.springframework.security.web.authentication.DelegatingAuthenticationEntryPoint@5d5181f2
2025-09-25T06:38:28.321+05:30 DEBUG 20160 --- [           main] s.w.a.DelegatingAuthenticationEntryPoint : Trying to match using RequestHeaderRequestMatcher [expectedHeaderName=X-Requested-With, expectedHeaderValue=XMLHttpRequest]
2025-09-25T06:38:28.321+05:30 DEBUG 20160 --- [           main] s.w.a.DelegatingAuthenticationEntryPoint : No match found. Using default entry point org.springframework.security.web.authentication.www.BasicAuthenticationEntryPoint@67cd2d0a

MockHttpServletRequest:
      HTTP Method = GET
      Request URI = /tasks
       Parameters = {}
          Headers = []
             Body = null
    Session Attrs = {SPRING_SECURITY_SAVED_REQUEST=DefaultSavedRequest [http://localhost/tasks?continue]}

Handler:
             Type = null

Async:
    Async started = false
     Async result = null

Resolved Exception:
             Type = null

ModelAndView:
        View name = null
             View = null
            Model = null

FlashMap:
       Attributes = null

MockHttpServletResponse:
           Status = 401
    Error message = Unauthorized
          Headers = [WWW-Authenticate:"Basic realm="Realm"", X-Content-Type-Options:"nosniff", X-XSS-Protection:"0", Cache-Control:"no-cache, no-store, max-age=0, must-revalidate", Pragma:"no-cache", Expires:"0", X-Frame-Options:"DENY"]
     Content type = null
             Body = 
    Forwarded URL = null
   Redirected URL = null
          Cookies = []
]]></system-out>
  </testcase>
</testsuite>